# JRE version: OpenJDK Runtime Environment (8.0_111-b14) (build 1.8.0_111-8u111-b14-2~bpo8+1-b14)
# Java VM: OpenJDK 64-Bit Server VM (25.111-b14 mixed mode linux-amd64 compressed oops)
Heap:
 PSYoungGen      total 123392K, used 4606K [0x00000000ed980000, 0x00000000f5680000, 0x0000000100000000)
  eden space 118784K, 0% used [0x00000000ed980000,0x00000000ed980000,0x00000000f4d80000)
  from space 4608K, 99% used [0x00000000f4d80000,0x00000000f51ffb80,0x00000000f5200000)
  to   space 4608K, 0% used [0x00000000f5200000,0x00000000f5200000,0x00000000f5680000)
 ParOldGen       total 38400K, used 8148K [0x00000000c8c00000, 0x00000000cb180000, 0x00000000ed980000)
  object space 38400K, 21% used [0x00000000c8c00000,0x00000000c93f5288,0x00000000cb180000)
 Metaspace       used 15427K, capacity 15540K, committed 15744K, reserved 1062912K
  class space    used 1867K, capacity 1916K, committed 1920K, reserved 1048576K
GC Heap History (10 events):
Event: 2.359 GC heap after
Heap after GC invocations=2 (full 0):
 PSYoungGen      total 31744K, used 1651K [0x00000000ed980000, 0x00000000efa80000, 0x0000000100000000)
  eden space 29696K, 0% used [0x00000000ed980000,0x00000000ed980000,0x00000000ef680000)
  from space 2048K, 80% used [0x00000000ef880000,0x00000000efa1cd90,0x00000000efa80000)
  to   space 2048K, 0% used [0x00000000ef680000,0x00000000ef680000,0x00000000ef880000)
 ParOldGen       total 38400K, used 16K [0x00000000c8c00000, 0x00000000cb180000, 0x00000000ed980000)
  object space 38400K, 0% used [0x00000000c8c00000,0x00000000c8c04000,0x00000000cb180000)
 Metaspace       used 4923K, capacity 5228K, committed 5504K, reserved 1056768K
  class space    used 537K, capacity 600K, committed 640K, reserved 1048576K
}
Event: 3.578 GC heap before
{Heap before GC invocations=3 (full 0):
 PSYoungGen      total 31744K, used 31347K [0x00000000ed980000, 0x00000000efa80000, 0x0000000100000000)
  eden space 29696K, 100% used [0x00000000ed980000,0x00000000ef680000,0x00000000ef680000)
  from space 2048K, 80% used [0x00000000ef880000,0x00000000efa1cd90,0x00000000efa80000)
  to   space 2048K, 0% used [0x00000000ef680000,0x00000000ef680000,0x00000000ef880000)
 ParOldGen       total 38400K, used 16K [0x00000000c8c00000, 0x00000000cb180000, 0x00000000ed980000)
  object space 38400K, 0% used [0x00000000c8c00000,0x00000000c8c04000,0x00000000cb180000)
 Metaspace       used 6639K, capacity 6734K, committed 7040K, reserved 1056768K
  class space    used 750K, capacity 795K, committed 896K, reserved 1048576K
Event: 3.597 GC heap after
Heap after GC invocations=3 (full 0):
 PSYoungGen      total 31744K, used 2033K [0x00000000ed980000, 0x00000000f1780000, 0x0000000100000000)
  eden space 29696K, 0% used [0x00000000ed980000,0x00000000ed980000,0x00000000ef680000)
  from space 2048K, 99% used [0x00000000ef680000,0x00000000ef87c4d0,0x00000000ef880000)
  to   space 2048K, 0% used [0x00000000f1580000,0x00000000f1580000,0x00000000f1780000)
 ParOldGen       total 38400K, used 588K [0x00000000c8c00000, 0x00000000cb180000, 0x00000000ed980000)
  object space 38400K, 1% used [0x00000000c8c00000,0x00000000c8c93368,0x00000000cb180000)
 Metaspace       used 6639K, capacity 6734K, committed 7040K, reserved 1056768K
  class space    used 750K, capacity 795K, committed 896K, reserved 1048576K
}
Event: 4.111 GC heap before
{Heap before GC invocations=4 (full 0):
 PSYoungGen      total 31744K, used 31729K [0x00000000ed980000, 0x00000000f1780000, 0x0000000100000000)
  eden space 29696K, 100% used [0x00000000ed980000,0x00000000ef680000,0x00000000ef680000)
  from space 2048K, 99% used [0x00000000ef680000,0x00000000ef87c4d0,0x00000000ef880000)
  to   space 2048K, 0% used [0x00000000f1580000,0x00000000f1580000,0x00000000f1780000)
 ParOldGen       total 38400K, used 588K [0x00000000c8c00000, 0x00000000cb180000, 0x00000000ed980000)
  object space 38400K, 1% used [0x00000000c8c00000,0x00000000c8c93368,0x00000000cb180000)
 Metaspace       used 7565K, capacity 7764K, committed 7936K, reserved 1056768K
  class space    used 857K, capacity 924K, committed 1024K, reserved 1048576K
Event: 4.155 GC heap after
Heap after GC invocations=4 (full 0):
 PSYoungGen      total 61440K, used 2032K [0x00000000ed980000, 0x00000000f1780000, 0x0000000100000000)
  eden space 59392K, 0% used [0x00000000ed980000,0x00000000ed980000,0x00000000f1380000)
  from space 2048K, 99% used [0x00000000f1580000,0x00000000f177c010,0x00000000f1780000)
  to   space 2048K, 0% used [0x00000000f1380000,0x00000000f1380000,0x00000000f1580000)
 ParOldGen       total 38400K, used 1241K [0x00000000c8c00000, 0x00000000cb180000, 0x00000000ed980000)
  object space 38400K, 3% used [0x00000000c8c00000,0x00000000c8d36540,0x00000000cb180000)
 Metaspace       used 7565K, capacity 7764K, committed 7936K, reserved 1056768K
  class space    used 857K, capacity 924K, committed 1024K, reserved 1048576K
}
Event: 8.670 GC heap before
{Heap before GC invocations=5 (full 0):
 PSYoungGen      total 61440K, used 61424K [0x00000000ed980000, 0x00000000f1780000, 0x0000000100000000)
  eden space 59392K, 100% used [0x00000000ed980000,0x00000000f1380000,0x00000000f1380000)
  from space 2048K, 99% used [0x00000000f1580000,0x00000000f177c010,0x00000000f1780000)
  to   space 2048K, 0% used [0x00000000f1380000,0x00000000f1380000,0x00000000f1580000)
 ParOldGen       total 38400K, used 1241K [0x00000000c8c00000, 0x00000000cb180000, 0x00000000ed980000)
  object space 38400K, 3% used [0x00000000c8c00000,0x00000000c8d36540,0x00000000cb180000)
 Metaspace       used 10247K, capacity 10388K, committed 10496K, reserved 1058816K
  class space    used 1142K, capacity 1180K, committed 1280K, reserved 1048576K
Event: 8.895 GC heap after
Heap after GC invocations=5 (full 0):
 PSYoungGen      total 61440K, used 2016K [0x00000000ed980000, 0x00000000f5680000, 0x0000000100000000)
  eden space 59392K, 0% used [0x00000000ed980000,0x00000000ed980000,0x00000000f1380000)
  from space 2048K, 98% used [0x00000000f1380000,0x00000000f1578020,0x00000000f1580000)
  to   space 4608K, 0% used [0x00000000f5200000,0x00000000f5200000,0x00000000f5680000)
 ParOldGen       total 38400K, used 3804K [0x00000000c8c00000, 0x00000000cb180000, 0x00000000ed980000)
  object space 38400K, 9% used [0x00000000c8c00000,0x00000000c8fb7228,0x00000000cb180000)
 Metaspace       used 10247K, capacity 10388K, committed 10496K, reserved 1058816K
  class space    used 1142K, capacity 1180K, committed 1280K, reserved 1048576K
}
Event: 12.691 GC heap before
{Heap before GC invocations=6 (full 0):
 PSYoungGen      total 61440K, used 61408K [0x00000000ed980000, 0x00000000f5680000, 0x0000000100000000)
  eden space 59392K, 100% used [0x00000000ed980000,0x00000000f1380000,0x00000000f1380000)
  from space 2048K, 98% used [0x00000000f1380000,0x00000000f1578020,0x00000000f1580000)
  to   space 4608K, 0% used [0x00000000f5200000,0x00000000f5200000,0x00000000f5680000)
 ParOldGen       total 38400K, used 3804K [0x00000000c8c00000, 0x00000000cb180000, 0x00000000ed980000)
  object space 38400K, 9% used [0x00000000c8c00000,0x00000000c8fb7228,0x00000000cb180000)
 Metaspace       used 11367K, capacity 11508K, committed 11648K, reserved 1058816K
  class space    used 1308K, capacity 1340K, committed 1408K, reserved 1048576K
Event: 12.711 GC heap after
Heap after GC invocations=6 (full 0):
 PSYoungGen      total 123392K, used 2989K [0x00000000ed980000, 0x00000000f5680000, 0x0000000100000000)
  eden space 118784K, 0% used [0x00000000ed980000,0x00000000ed980000,0x00000000f4d80000)
  from space 4608K, 64% used [0x00000000f5200000,0x00000000f54eb430,0x00000000f5680000)
  to   space 4608K, 0% used [0x00000000f4d80000,0x00000000f4d80000,0x00000000f5200000)
 ParOldGen       total 38400K, used 3804K [0x00000000c8c00000, 0x00000000cb180000, 0x00000000ed980000)
  object space 38400K, 9% used [0x00000000c8c00000,0x00000000c8fb7228,0x00000000cb180000)
 Metaspace       used 11367K, capacity 11508K, committed 11648K, reserved 1058816K
  class space    used 1308K, capacity 1340K, committed 1408K, reserved 1048576K
}
Event: 30.502 GC heap before
{Heap before GC invocations=7 (full 0):
 PSYoungGen      total 123392K, used 121773K [0x00000000ed980000, 0x00000000f5680000, 0x0000000100000000)
  eden space 118784K, 100% used [0x00000000ed980000,0x00000000f4d80000,0x00000000f4d80000)
  from space 4608K, 64% used [0x00000000f5200000,0x00000000f54eb430,0x00000000f5680000)
  to   space 4608K, 0% used [0x00000000f4d80000,0x00000000f4d80000,0x00000000f5200000)
 ParOldGen       total 38400K, used 3804K [0x00000000c8c00000, 0x00000000cb180000, 0x00000000ed980000)
  object space 38400K, 9% used [0x00000000c8c00000,0x00000000c8fb7228,0x00000000cb180000)
 Metaspace       used 15427K, capacity 15540K, committed 15744K, reserved 1062912K
  class space    used 1867K, capacity 1916K, committed 1920K, reserved 1048576K

